<?xml version="1.0" encoding="UTF-8"?>
<testng-results skipped="0" failed="0" total="1" passed="1">
  <reporter-output>
  </reporter-output>
  <suite name="softwaretestingmaterial" duration-ms="9043" started-at="2017-12-29T23:52:33Z" finished-at="2017-12-29T23:52:42Z">
    <groups>
    </groups>
    <test name="testngTest" duration-ms="9043" started-at="2017-12-29T23:52:33Z" finished-at="2017-12-29T23:52:42Z">
      <class name="com.selenium.PageObjectProject.testscripts.TestScript1">
        <test-method status="PASS" signature="beforeClass()[pri:0, instance:com.selenium.PageObjectProject.testscripts.TestScript1@51081592]" name="beforeClass" is-config="true" duration-ms="5682" started-at="2017-12-29T17:52:33Z" finished-at="2017-12-29T17:52:39Z">
          <reporter-output>
          </reporter-output>
        </test-method> <!-- beforeClass -->
        <test-method status="PASS" signature="Signin()[pri:0, instance:com.selenium.PageObjectProject.testscripts.TestScript1@51081592]" name="Signin" duration-ms="3241" started-at="2017-12-29T17:52:39Z" finished-at="2017-12-29T17:52:42Z">
          <reporter-output>
          </reporter-output>
        </test-method> <!-- Signin -->
        <test-method status="PASS" signature="afterClass()[pri:0, instance:com.selenium.PageObjectProject.testscripts.TestScript1@51081592]" name="afterClass" is-config="true" duration-ms="109" started-at="2017-12-29T17:52:42Z" finished-at="2017-12-29T17:52:42Z">
          <reporter-output>
          </reporter-output>
        </test-method> <!-- afterClass -->
      </class> <!-- com.selenium.PageObjectProject.testscripts.TestScript1 -->
    </test> <!-- testngTest -->
  </suite> <!-- softwaretestingmaterial -->
</testng-results>
